<?xml version="1.0" encoding="UTF-8"?>
<!-- Generated by org.testng.reporters.JUnitReportReporter -->
<testsuite skipped="0" hostname="LAPTOP-AUM1F61A" name="com.dataStructure.InsertionSort" tests="1" failures="0" timestamp="2020-04-17T13:14:45 IST" time="0.034" errors="0">
  <testcase name="InsertionSortImpliment" time="0.034" classname="com.dataStructure.InsertionSort"/>
</testsuite> <!-- com.dataStructure.InsertionSort -->
