<?xml version="1.0" encoding="UTF-8"?>
<!-- Generated by org.testng.reporters.JUnitReportReporter -->
<testsuite skipped="0" hostname="LAPTOP-AUM1F61A" name="com.dataStructure.MergeSort" tests="1" failures="0" timestamp="2020-04-18T11:50:44 IST" time="0.067" errors="0">
  <testcase name="mergeSort" time="0.067" classname="com.dataStructure.MergeSort"/>
</testsuite> <!-- com.dataStructure.MergeSort -->
