<?xml version="1.0" encoding="UTF-8"?>
<!-- Generated by org.testng.reporters.JUnitReportReporter -->
<testsuite skipped="0" hostname="LAPTOP-AUM1F61A" name="com.dataStructure.BubbleSort" tests="1" failures="0" timestamp="2020-04-17T23:00:52 IST" time="0.048" errors="0">
  <testcase name="bubbleSortImp" time="0.048" classname="com.dataStructure.BubbleSort"/>
</testsuite> <!-- com.dataStructure.BubbleSort -->
